<?xml version="1.0" encoding="UTF-8"?>
<testsuite name="HashTableTest" tests="1" skipped="0" failures="0" errors="0" timestamp="2021-05-26T04:01:19" hostname="hyeonhyejin-ui-MacBookPro.local" time="0.018">
  <properties/>
  <testcase name="데이터 삽입" classname="HashTableTest" time="0.018"/>
  <system-out><![CDATA[]]></system-out>
  <system-err><![CDATA[]]></system-err>
</testsuite>
