<?xml version="1.0" encoding="UTF-8"?>
<testsuite name="LinkedListTest" tests="1" skipped="0" failures="0" errors="0" timestamp="2021-04-28T11:40:02" hostname="hyeonhyejin-ui-MacBookPro.local" time="0.007">
  <properties/>
  <testcase name="리스트 뒤에 추가하기" classname="LinkedListTest" time="0.007"/>
  <system-out><![CDATA[first
2
3
4
]]></system-out>
  <system-err><![CDATA[]]></system-err>
</testsuite>
