<?xml version="1.0" encoding="UTF-8"?>
<testsuite name="mDoubleLinkedListTest" tests="3" skipped="0" failures="0" errors="0" timestamp="2021-05-25T10:26:35" hostname="hyeonhyejin-ui-MacBookPro.local" time="0.025">
  <properties/>
  <testcase name="특정 인텍스 뒤에 데이터 추가하기" classname="mDoubleLinkedListTest" time="0.024"/>
  <testcase name="특정 인덱스 앞에 데이터 추가하기" classname="mDoubleLinkedListTest" time="0.0"/>
  <testcase name="데이터 추가하기" classname="mDoubleLinkedListTest" time="0.0"/>
  <system-out><![CDATA[d-1
]]></system-out>
  <system-err><![CDATA[]]></system-err>
</testsuite>
