<?xml version="1.0" encoding="UTF-8"?>
<testsuite name="mBinarySerarchTreeTest" tests="1" skipped="0" failures="0" errors="0" timestamp="2021-05-31T10:00:45" hostname="hyeonhyejin-ui-MacBookPro.local" time="0.004">
  <properties/>
  <testcase name="데이터 넣기" classname="mBinarySerarchTreeTest" time="0.004"/>
  <system-out><![CDATA[]]></system-out>
  <system-err><![CDATA[]]></system-err>
</testsuite>
