<?xml version="1.0" encoding="UTF-8"?>
<testsuite name="LinkedListTest" tests="1" skipped="0" failures="0" errors="0" timestamp="2021-04-30T10:07:20" hostname="hyeonhyejin-ui-MacBookPro.local" time="0.005">
  <properties/>
  <testcase name="데이터 추가하기" classname="LinkedListTest" time="0.005"/>
  <system-out><![CDATA[]]></system-out>
  <system-err><![CDATA[]]></system-err>
</testsuite>
