<?xml version="1.0" encoding="UTF-8"?>
<testsuite name="mDoubleLinkedListTest" tests="1" skipped="0" failures="0" errors="0" timestamp="2021-05-25T09:21:42" hostname="hyeonhyejin-ui-MacBookPro.local" time="0.022">
  <properties/>
  <testcase name="데이터 추가하기" classname="mDoubleLinkedListTest" time="0.022"/>
  <system-out><![CDATA[]]></system-out>
  <system-err><![CDATA[]]></system-err>
</testsuite>
