<?xml version="1.0" encoding="UTF-8"?>
<testsuite name="mDoubleLinkedListTest" tests="4" skipped="0" failures="0" errors="0" timestamp="2021-05-25T11:43:43" hostname="hyeonhyejin-ui-MacBookPro.local" time="0.02">
  <properties/>
  <testcase name="특정 인텍스 뒤에 데이터 추가하기" classname="mDoubleLinkedListTest" time="0.019"/>
  <testcase name="특정 인덱스 앞에 데이터 추가하기" classname="mDoubleLinkedListTest" time="0.0"/>
  <testcase name="데이터 추가하기" classname="mDoubleLinkedListTest" time="0.0"/>
  <testcase name="특정 인덱스의 데이터 삭제하기" classname="mDoubleLinkedListTest" time="0.0"/>
  <system-out><![CDATA[]]></system-out>
  <system-err><![CDATA[]]></system-err>
</testsuite>
