<?xml version="1.0" encoding="UTF-8"?>
<testsuite name="LinkedListTest" tests="2" skipped="0" failures="0" errors="0" timestamp="2021-05-03T13:22:24" hostname="hyeonhyejin-ui-MacBookPro.local" time="0.007">
  <properties/>
  <testcase name="데이터 삭제하기" classname="LinkedListTest" time="0.006"/>
  <testcase name="데이터 추가하기" classname="LinkedListTest" time="0.0"/>
  <system-out><![CDATA[delete : bye
first
hi
get : bye
]]></system-out>
  <system-err><![CDATA[]]></system-err>
</testsuite>
