<?xml version="1.0" encoding="UTF-8"?>
<testsuite name="HashTableTest" tests="3" skipped="0" failures="0" errors="0" timestamp="2021-05-26T07:18:21" hostname="hyeonhyejin-ui-MacBookPro.local" time="0.022">
  <properties/>
  <testcase name="chaining 기법으로 충돌 상황 해결하기" classname="HashTableTest" time="0.022"/>
  <testcase name="충돌 상황 만들기" classname="HashTableTest" time="0.0"/>
  <testcase name="데이터 삽입, 조회" classname="HashTableTest" time="0.0"/>
  <system-out><![CDATA[]]></system-out>
  <system-err><![CDATA[]]></system-err>
</testsuite>
